<?xml version="1.0" encoding="UTF-8"?>
<!-- Generated by org.testng.reporters.JUnitXMLReporter -->
<testsuite hostname="Roberts-MacBook-Air.local" name="Default test" tests="4" failures="0" timestamp="1 Mar 2016 18:23:55 GMT" time="114.15" errors="0">
  <testcase name="BookingTest01" time="37.537" classname="TestCase.HomePageTest"/>
  <testcase name="BookingTest02" time="24.641" classname="TestCase.HomePageTest"/>
  <testcase name="BookingTest03" time="25.1" classname="TestCase.HomePageTest"/>
  <testcase name="BookingTest04" time="19.965" classname="TestCase.HomePageTest"/>
</testsuite> <!-- Default test -->
