<?xml version="1.0" encoding="UTF-8"?>
<testng-results skipped="0" failed="0" total="4" passed="4">
  <reporter-output>
  </reporter-output>
  <suite name="ExpediaQATest" duration-ms="118783" started-at="2016-03-01T18:28:42Z" finished-at="2016-03-01T18:30:41Z">
    <groups>
    </groups>
    <test name="TestCase" duration-ms="118783" started-at="2016-03-01T18:28:42Z" finished-at="2016-03-01T18:30:41Z">
      <class name="TestCase.HomePageTest">
        <test-method status="PASS" signature="prepareData()[pri:0, instance:TestCase.HomePageTest@591f989e]" name="prepareData" is-config="true" duration-ms="4784" started-at="2016-03-01T10:28:42Z" finished-at="2016-03-01T10:28:47Z">
          <reporter-output>
          </reporter-output>
        </test-method> <!-- prepareData -->
        <test-method status="PASS" signature="clearCookies()[pri:0, instance:TestCase.HomePageTest@591f989e]" name="clearCookies" is-config="true" duration-ms="14" started-at="2016-03-01T10:28:47Z" finished-at="2016-03-01T10:28:47Z">
          <reporter-output>
          </reporter-output>
        </test-method> <!-- clearCookies -->
        <test-method status="PASS" signature="BookingTest01()[pri:0, instance:TestCase.HomePageTest@591f989e]" name="BookingTest01" duration-ms="32025" started-at="2016-03-01T10:28:47Z" finished-at="2016-03-01T10:29:19Z">
          <reporter-output>
          </reporter-output>
        </test-method> <!-- BookingTest01 -->
        <test-method status="PASS" signature="clearCookies()[pri:0, instance:TestCase.HomePageTest@591f989e]" name="clearCookies" is-config="true" duration-ms="89" started-at="2016-03-01T10:29:19Z" finished-at="2016-03-01T10:29:19Z">
          <reporter-output>
          </reporter-output>
        </test-method> <!-- clearCookies -->
        <test-method status="PASS" signature="BookingTest02()[pri:0, instance:TestCase.HomePageTest@591f989e]" name="BookingTest02" duration-ms="29274" started-at="2016-03-01T10:29:19Z" finished-at="2016-03-01T10:29:48Z">
          <reporter-output>
          </reporter-output>
        </test-method> <!-- BookingTest02 -->
        <test-method status="PASS" signature="clearCookies()[pri:0, instance:TestCase.HomePageTest@591f989e]" name="clearCookies" is-config="true" duration-ms="110" started-at="2016-03-01T10:29:48Z" finished-at="2016-03-01T10:29:48Z">
          <reporter-output>
          </reporter-output>
        </test-method> <!-- clearCookies -->
        <test-method status="PASS" signature="BookingTest03()[pri:0, instance:TestCase.HomePageTest@591f989e]" name="BookingTest03" duration-ms="28469" started-at="2016-03-01T10:29:48Z" finished-at="2016-03-01T10:30:17Z">
          <reporter-output>
          </reporter-output>
        </test-method> <!-- BookingTest03 -->
        <test-method status="PASS" signature="clearCookies()[pri:0, instance:TestCase.HomePageTest@591f989e]" name="clearCookies" is-config="true" duration-ms="109" started-at="2016-03-01T10:30:17Z" finished-at="2016-03-01T10:30:17Z">
          <reporter-output>
          </reporter-output>
        </test-method> <!-- clearCookies -->
        <test-method status="PASS" signature="BookingTest04()[pri:0, instance:TestCase.HomePageTest@591f989e]" name="BookingTest04" duration-ms="23479" started-at="2016-03-01T10:30:17Z" finished-at="2016-03-01T10:30:40Z">
          <reporter-output>
          </reporter-output>
        </test-method> <!-- BookingTest04 -->
        <test-method status="PASS" signature="closeBrowser()[pri:0, instance:TestCase.HomePageTest@591f989e]" name="closeBrowser" is-config="true" duration-ms="405" started-at="2016-03-01T10:30:40Z" finished-at="2016-03-01T10:30:41Z">
          <reporter-output>
          </reporter-output>
        </test-method> <!-- closeBrowser -->
      </class> <!-- TestCase.HomePageTest -->
    </test> <!-- TestCase -->
  </suite> <!-- ExpediaQATest -->
</testng-results>
