<?xml version="1.0" encoding="UTF-8"?>
<!-- Generated by org.testng.reporters.JUnitXMLReporter -->
<testsuite hostname="Roberts-MacBook-Air.local" name="TestCase" tests="4" failures="0" timestamp="1 Mar 2016 18:30:41 GMT" time="118.783" errors="0">
  <testcase name="BookingTest01" time="32.025" classname="TestCase.HomePageTest"/>
  <testcase name="BookingTest02" time="29.274" classname="TestCase.HomePageTest"/>
  <testcase name="BookingTest03" time="28.469" classname="TestCase.HomePageTest"/>
  <testcase name="BookingTest04" time="23.479" classname="TestCase.HomePageTest"/>
</testsuite> <!-- TestCase -->
